<?xml version="1.0" encoding="UTF-8"?>
<coverage generated="1694327338417" clover="3.2.0">
  <project timestamp="1694327338417" name="All files">
    <metrics statements="113" coveredstatements="82" conditionals="40" coveredconditionals="28" methods="48" coveredmethods="35" elements="201" coveredelements="145" complexity="0" loc="113" ncloc="113" packages="5" files="23" classes="23"/>
    <package name="03-examples">
      <metrics statements="18" coveredstatements="17" conditionals="16" coveredconditionals="12" methods="7" coveredmethods="6"/>
      <file name="Card.tsx" path="/Users/diegourrego/Code/Udemy/React/hooks-app/src/03-examples/Card.tsx">
        <metrics statements="8" coveredstatements="8" conditionals="5" coveredconditionals="2" methods="2" coveredmethods="2"/>
        <line num="10" count="1" type="cond" truecount="0" falsecount="1"/>
        <line num="11" count="4" type="stmt"/>
        <line num="12" count="4" type="stmt"/>
        <line num="14" count="4" type="stmt"/>
        <line num="15" count="2" type="cond" truecount="1" falsecount="1"/>
        <line num="16" count="2" type="stmt"/>
        <line num="17" count="2" type="stmt"/>
        <line num="21" count="4" type="stmt"/>
      </file>
      <file name="LoadingQuote.tsx" path="/Users/diegourrego/Code/Udemy/React/hooks-app/src/03-examples/LoadingQuote.tsx">
        <metrics statements="2" coveredstatements="2" conditionals="0" coveredconditionals="0" methods="1" coveredmethods="1"/>
        <line num="1" count="1" type="stmt"/>
        <line num="2" count="1" type="stmt"/>
      </file>
      <file name="MultipleCustomHooks.tsx" path="/Users/diegourrego/Code/Udemy/React/hooks-app/src/03-examples/MultipleCustomHooks.tsx">
        <metrics statements="8" coveredstatements="7" conditionals="11" coveredconditionals="10" methods="4" coveredmethods="3"/>
        <line num="5" count="1" type="stmt"/>
        <line num="6" count="2" type="stmt"/>
        <line num="15" count="1" type="stmt"/>
        <line num="16" count="3" type="stmt"/>
        <line num="18" count="3" type="stmt"/>
        <line num="22" count="3" type="stmt"/>
        <line num="38" count="0" type="stmt"/>
        <line num="46" count="1" type="stmt"/>
      </file>
      <file name="index.ts" path="/Users/diegourrego/Code/Udemy/React/hooks-app/src/03-examples/index.ts">
        <metrics statements="0" coveredstatements="0" conditionals="0" coveredconditionals="0" methods="0" coveredmethods="0"/>
      </file>
    </package>
    <package name="08-useReducer">
      <metrics statements="28" coveredstatements="23" conditionals="11" coveredconditionals="7" methods="11" coveredmethods="10"/>
      <file name="TodoAdd.tsx" path="/Users/diegourrego/Code/Udemy/React/hooks-app/src/08-useReducer/TodoAdd.tsx">
        <metrics statements="8" coveredstatements="4" conditionals="2" coveredconditionals="0" methods="2" coveredmethods="1"/>
        <line num="8" count="5" type="stmt"/>
        <line num="9" count="1" type="stmt"/>
        <line num="13" count="1" type="stmt"/>
        <line num="14" count="0" type="stmt"/>
        <line num="15" count="0" type="cond" truecount="0" falsecount="2"/>
        <line num="16" count="0" type="stmt"/>
        <line num="21" count="0" type="stmt"/>
        <line num="24" count="1" type="stmt"/>
      </file>
      <file name="TodoApp.tsx" path="/Users/diegourrego/Code/Udemy/React/hooks-app/src/08-useReducer/TodoApp.tsx">
        <metrics statements="3" coveredstatements="3" conditionals="0" coveredconditionals="0" methods="1" coveredmethods="1"/>
        <line num="4" count="5" type="stmt"/>
        <line num="12" count="1" type="stmt"/>
        <line num="14" count="1" type="stmt"/>
      </file>
      <file name="TodoItem.tsx" path="/Users/diegourrego/Code/Udemy/React/hooks-app/src/08-useReducer/TodoItem.tsx">
        <metrics statements="5" coveredstatements="5" conditionals="2" coveredconditionals="2" methods="3" coveredmethods="3"/>
        <line num="9" count="5" type="stmt"/>
        <line num="16" count="6" type="stmt"/>
        <line num="17" count="1" type="stmt"/>
        <line num="19" count="6" type="stmt"/>
        <line num="25" count="1" type="stmt"/>
      </file>
      <file name="TodoList.tsx" path="/Users/diegourrego/Code/Udemy/React/hooks-app/src/08-useReducer/TodoList.tsx">
        <metrics statements="3" coveredstatements="3" conditionals="1" coveredconditionals="0" methods="2" coveredmethods="2"/>
        <line num="10" count="5" type="cond" truecount="0" falsecount="1"/>
        <line num="11" count="1" type="stmt"/>
        <line num="14" count="2" type="stmt"/>
      </file>
      <file name="index.ts" path="/Users/diegourrego/Code/Udemy/React/hooks-app/src/08-useReducer/index.ts">
        <metrics statements="0" coveredstatements="0" conditionals="0" coveredconditionals="0" methods="0" coveredmethods="0"/>
      </file>
      <file name="interfaces.ts" path="/Users/diegourrego/Code/Udemy/React/hooks-app/src/08-useReducer/interfaces.ts">
        <metrics statements="0" coveredstatements="0" conditionals="0" coveredconditionals="0" methods="0" coveredmethods="0"/>
      </file>
      <file name="todoReducer.ts" path="/Users/diegourrego/Code/Udemy/React/hooks-app/src/08-useReducer/todoReducer.ts">
        <metrics statements="9" coveredstatements="8" conditionals="6" coveredconditionals="5" methods="3" coveredmethods="3"/>
        <line num="9" count="5" type="stmt"/>
        <line num="10" count="4" type="cond" truecount="4" falsecount="0"/>
        <line num="12" count="1" type="stmt"/>
        <line num="14" count="1" type="stmt"/>
        <line num="16" count="1" type="stmt"/>
        <line num="17" count="1" type="cond" truecount="1" falsecount="1"/>
        <line num="18" count="1" type="stmt"/>
        <line num="23" count="0" type="stmt"/>
        <line num="26" count="1" type="stmt"/>
      </file>
    </package>
    <package name="09-useContext">
      <metrics statements="16" coveredstatements="15" conditionals="6" coveredconditionals="5" methods="9" coveredmethods="8"/>
      <file name="AboutPage.tsx" path="/Users/diegourrego/Code/Udemy/React/hooks-app/src/09-useContext/AboutPage.tsx">
        <metrics statements="2" coveredstatements="1" conditionals="0" coveredconditionals="0" methods="1" coveredmethods="0"/>
        <line num="1" count="1" type="stmt"/>
        <line num="2" count="0" type="stmt"/>
      </file>
      <file name="HomePage.tsx" path="/Users/diegourrego/Code/Udemy/React/hooks-app/src/09-useContext/HomePage.tsx">
        <metrics statements="3" coveredstatements="3" conditionals="0" coveredconditionals="0" methods="1" coveredmethods="1"/>
        <line num="4" count="2" type="stmt"/>
        <line num="5" count="3" type="stmt"/>
        <line num="6" count="3" type="stmt"/>
      </file>
      <file name="LoginPage.tsx" path="/Users/diegourrego/Code/Udemy/React/hooks-app/src/09-useContext/LoginPage.tsx">
        <metrics statements="4" coveredstatements="4" conditionals="0" coveredconditionals="0" methods="2" coveredmethods="2"/>
        <line num="4" count="2" type="stmt"/>
        <line num="5" count="3" type="stmt"/>
        <line num="7" count="3" type="stmt"/>
        <line num="15" count="1" type="stmt"/>
      </file>
      <file name="MainApp.tsx" path="/Users/diegourrego/Code/Udemy/React/hooks-app/src/09-useContext/MainApp.tsx">
        <metrics statements="2" coveredstatements="2" conditionals="0" coveredconditionals="0" methods="1" coveredmethods="1"/>
        <line num="8" count="1" type="stmt"/>
        <line num="9" count="2" type="stmt"/>
      </file>
      <file name="Navbar.tsx" path="/Users/diegourrego/Code/Udemy/React/hooks-app/src/09-useContext/Navbar.tsx">
        <metrics statements="5" coveredstatements="5" conditionals="6" coveredconditionals="5" methods="4" coveredmethods="4"/>
        <line num="3" count="1" type="stmt"/>
        <line num="4" count="2" type="stmt"/>
        <line num="14" count="2" type="cond" truecount="2" falsecount="0"/>
        <line num="22" count="2" type="cond" truecount="1" falsecount="1"/>
        <line num="30" count="2" type="cond" truecount="2" falsecount="0"/>
      </file>
    </package>
    <package name="09-useContext.context">
      <metrics statements="5" coveredstatements="5" conditionals="0" coveredconditionals="0" methods="2" coveredmethods="2"/>
      <file name="UserContext.tsx" path="/Users/diegourrego/Code/Udemy/React/hooks-app/src/09-useContext/context/UserContext.tsx">
        <metrics statements="1" coveredstatements="1" conditionals="0" coveredconditionals="0" methods="0" coveredmethods="0"/>
        <line num="4" count="3" type="stmt"/>
      </file>
      <file name="UserProvider.tsx" path="/Users/diegourrego/Code/Udemy/React/hooks-app/src/09-useContext/context/UserProvider.tsx">
        <metrics statements="4" coveredstatements="4" conditionals="0" coveredconditionals="0" methods="2" coveredmethods="2"/>
        <line num="9" count="1" type="stmt"/>
        <line num="10" count="2" type="stmt"/>
        <line num="12" count="2" type="stmt"/>
        <line num="14" count="2" type="stmt"/>
      </file>
    </package>
    <package name="hooks">
      <metrics statements="46" coveredstatements="22" conditionals="7" coveredconditionals="4" methods="19" coveredmethods="9"/>
      <file name="index.ts" path="/Users/diegourrego/Code/Udemy/React/hooks-app/src/hooks/index.ts">
        <metrics statements="0" coveredstatements="0" conditionals="0" coveredconditionals="0" methods="0" coveredmethods="0"/>
      </file>
      <file name="useCounter.ts" path="/Users/diegourrego/Code/Udemy/React/hooks-app/src/hooks/useCounter.ts">
        <metrics statements="10" coveredstatements="10" conditionals="5" coveredconditionals="4" methods="6" coveredmethods="6"/>
        <line num="3" count="6" type="cond" truecount="1" falsecount="0"/>
        <line num="4" count="12" type="stmt"/>
        <line num="6" count="12" type="cond" truecount="1" falsecount="0"/>
        <line num="7" count="2" type="stmt"/>
        <line num="10" count="12" type="cond" truecount="1" falsecount="0"/>
        <line num="11" count="5" type="cond" truecount="1" falsecount="1"/>
        <line num="12" count="5" type="stmt"/>
        <line num="15" count="12" type="stmt"/>
        <line num="16" count="1" type="stmt"/>
        <line num="19" count="12" type="stmt"/>
      </file>
      <file name="useFetch.ts" path="/Users/diegourrego/Code/Udemy/React/hooks-app/src/hooks/useFetch.ts">
        <metrics statements="12" coveredstatements="1" conditionals="0" coveredconditionals="0" methods="3" coveredmethods="0"/>
        <line num="30" count="5" type="stmt"/>
        <line num="31" count="0" type="stmt"/>
        <line num="37" count="0" type="stmt"/>
        <line num="38" count="0" type="stmt"/>
        <line num="39" count="0" type="stmt"/>
        <line num="40" count="0" type="stmt"/>
        <line num="41" count="0" type="stmt"/>
        <line num="42" count="0" type="stmt"/>
        <line num="48" count="0" type="stmt"/>
        <line num="55" count="0" type="stmt"/>
        <line num="56" count="0" type="stmt"/>
        <line num="59" count="0" type="stmt"/>
      </file>
      <file name="useForm.ts" path="/Users/diegourrego/Code/Udemy/React/hooks-app/src/hooks/useForm.ts">
        <metrics statements="8" coveredstatements="8" conditionals="0" coveredconditionals="0" methods="3" coveredmethods="3"/>
        <line num="7" count="6" type="stmt"/>
        <line num="8" count="7" type="stmt"/>
        <line num="10" count="7" type="stmt"/>
        <line num="11" count="2" type="stmt"/>
        <line num="12" count="2" type="stmt"/>
        <line num="18" count="7" type="stmt"/>
        <line num="19" count="1" type="stmt"/>
        <line num="22" count="7" type="stmt"/>
      </file>
      <file name="useTodos.ts" path="/Users/diegourrego/Code/Udemy/React/hooks-app/src/hooks/useTodos.ts">
        <metrics statements="16" coveredstatements="3" conditionals="2" coveredconditionals="0" methods="7" coveredmethods="0"/>
        <line num="4" count="4" type="stmt"/>
        <line num="6" count="4" type="stmt"/>
        <line num="7" count="0" type="cond" truecount="0" falsecount="2"/>
        <line num="10" count="4" type="stmt"/>
        <line num="11" count="0" type="stmt"/>
        <line num="13" count="0" type="stmt"/>
        <line num="14" count="0" type="stmt"/>
        <line num="18" count="0" type="stmt"/>
        <line num="21" count="0" type="stmt"/>
        <line num="22" count="0" type="stmt"/>
        <line num="25" count="0" type="stmt"/>
        <line num="26" count="0" type="stmt"/>
        <line num="32" count="0" type="stmt"/>
        <line num="33" count="0" type="stmt"/>
        <line num="36" count="0" type="stmt"/>
        <line num="39" count="0" type="stmt"/>
      </file>
    </package>
  </project>
</coverage>
