{"/Users/diegourrego/Code/Udemy/React/hooks-app/src/03-examples/Card.tsx": {"path":"/Users/diegourrego/Code/Udemy/React/hooks-app/src/03-examples/Card.tsx","statementMap":{"0":{"start":{"line":10,"column":20},"end":{"line":48,"column":1}},"1":{"start":{"line":11,"column":15},"end":{"line":11,"column":52}},"2":{"start":{"line":12,"column":32},"end":{"line":12,"column":65}},"3":{"start":{"line":14,"column":2},"end":{"line":19,"column":23}},"4":{"start":{"line":15,"column":4},"end":{"line":18,"column":5}},"5":{"start":{"line":16,"column":32},"end":{"line":16,"column":68}},"6":{"start":{"line":17,"column":6},"end":{"line":17,"column":36}},"7":{"start":{"line":21,"column":2},"end":{"line":47,"column":4}}},"fnMap":{"0":{"name":"(anonymous_0)","decl":{"start":{"line":10,"column":20},"end":{"line":10,"column":21}},"loc":{"start":{"line":10,"column":64},"end":{"line":48,"column":1}},"line":10},"1":{"name":"(anonymous_1)","decl":{"start":{"line":14,"column":18},"end":{"line":14,"column":19}},"loc":{"start":{"line":14,"column":24},"end":{"line":19,"column":3}},"line":14}},"branchMap":{"0":{"loc":{"start":{"line":10,"column":23},"end":{"line":10,"column":36}},"type":"default-arg","locations":[{"start":{"line":10,"column":34},"end":{"line":10,"column":36}}],"line":10},"1":{"loc":{"start":{"line":15,"column":4},"end":{"line":18,"column":5}},"type":"if","locations":[{"start":{"line":15,"column":4},"end":{"line":18,"column":5}},{"start":{},"end":{}}],"line":15},"2":{"loc":{"start":{"line":29,"column":21},"end":{"line":29,"column":35}},"type":"binary-expr","locations":[{"start":{"line":29,"column":21},"end":{"line":29,"column":29}},{"start":{"line":29,"column":33},"end":{"line":29,"column":35}}],"line":29}},"s":{"0":1,"1":4,"2":4,"3":4,"4":2,"5":2,"6":2,"7":4},"f":{"0":4,"1":2},"b":{"0":[0],"1":[2,0],"2":[4,0]},"_coverageSchema":"1a1c01bbd47fc00a2c39e90264f33305004495a9","hash":"a86e761334e26b6f4760684318ef587d322e6ebf"}
,"/Users/diegourrego/Code/Udemy/React/hooks-app/src/03-examples/LoadingQuote.tsx": {"path":"/Users/diegourrego/Code/Udemy/React/hooks-app/src/03-examples/LoadingQuote.tsx","statementMap":{"0":{"start":{"line":1,"column":28},"end":{"line":3,"column":1}},"1":{"start":{"line":2,"column":2},"end":{"line":2,"column":72}}},"fnMap":{"0":{"name":"(anonymous_0)","decl":{"start":{"line":1,"column":28},"end":{"line":1,"column":29}},"loc":{"start":{"line":1,"column":34},"end":{"line":3,"column":1}},"line":1}},"branchMap":{},"s":{"0":1,"1":1},"f":{"0":1},"b":{},"_coverageSchema":"1a1c01bbd47fc00a2c39e90264f33305004495a9","hash":"2f1a79d0aee7a3e192c50285d5c93ba25156bb13"}
,"/Users/diegourrego/Code/Udemy/React/hooks-app/src/03-examples/MultipleCustomHooks.tsx": {"path":"/Users/diegourrego/Code/Udemy/React/hooks-app/src/03-examples/MultipleCustomHooks.tsx","statementMap":{"0":{"start":{"line":5,"column":24},"end":{"line":13,"column":1}},"1":{"start":{"line":6,"column":2},"end":{"line":12,"column":4}},"2":{"start":{"line":15,"column":35},"end":{"line":53,"column":1}},"3":{"start":{"line":16,"column":44},"end":{"line":16,"column":57}},"4":{"start":{"line":18,"column":30},"end":{"line":20,"column":3}},"5":{"start":{"line":22,"column":2},"end":{"line":52,"column":4}},"6":{"start":{"line":38,"column":25},"end":{"line":38,"column":36}},"7":{"start":{"line":46,"column":23},"end":{"line":46,"column":34}}},"fnMap":{"0":{"name":"(anonymous_0)","decl":{"start":{"line":5,"column":24},"end":{"line":5,"column":25}},"loc":{"start":{"line":5,"column":64},"end":{"line":13,"column":1}},"line":5},"1":{"name":"(anonymous_1)","decl":{"start":{"line":15,"column":35},"end":{"line":15,"column":36}},"loc":{"start":{"line":15,"column":41},"end":{"line":53,"column":1}},"line":15},"2":{"name":"(anonymous_2)","decl":{"start":{"line":38,"column":19},"end":{"line":38,"column":20}},"loc":{"start":{"line":38,"column":25},"end":{"line":38,"column":36}},"line":38},"3":{"name":"(anonymous_3)","decl":{"start":{"line":46,"column":17},"end":{"line":46,"column":18}},"loc":{"start":{"line":46,"column":23},"end":{"line":46,"column":34}},"line":46}},"branchMap":{"0":{"loc":{"start":{"line":7,"column":4},"end":{"line":11,"column":19}},"type":"binary-expr","locations":[{"start":{"line":7,"column":4},"end":{"line":7,"column":27}},{"start":{"line":8,"column":4},"end":{"line":8,"column":16}},{"start":{"line":9,"column":4},"end":{"line":9,"column":18}},{"start":{"line":10,"column":4},"end":{"line":10,"column":17}},{"start":{"line":11,"column":4},"end":{"line":11,"column":19}}],"line":7},"1":{"loc":{"start":{"line":27,"column":7},"end":{"line":33,"column":7}},"type":"cond-expr","locations":[{"start":{"line":28,"column":8},"end":{"line":28,"column":24}},{"start":{"line":30,"column":8},"end":{"line":32,"column":9}}],"line":27},"2":{"loc":{"start":{"line":30,"column":8},"end":{"line":32,"column":9}},"type":"binary-expr","locations":[{"start":{"line":30,"column":8},"end":{"line":30,"column":29}},{"start":{"line":31,"column":10},"end":{"line":31,"column":78}}],"line":30},"3":{"loc":{"start":{"line":35,"column":7},"end":{"line":43,"column":7}},"type":"binary-expr","locations":[{"start":{"line":35,"column":7},"end":{"line":35,"column":18}},{"start":{"line":36,"column":8},"end":{"line":42,"column":17}}],"line":35}},"s":{"0":1,"1":2,"2":1,"3":3,"4":3,"5":3,"6":0,"7":1},"f":{"0":2,"1":3,"2":0,"3":1},"b":{"0":[2,2,2,2,2],"1":[1,2],"2":[2,2],"3":[3,0]},"_coverageSchema":"1a1c01bbd47fc00a2c39e90264f33305004495a9","hash":"4df512edb00c1f2f6fcfe3a584387d0e5b37ed67"}
,"/Users/diegourrego/Code/Udemy/React/hooks-app/src/03-examples/index.ts": {"path":"/Users/diegourrego/Code/Udemy/React/hooks-app/src/03-examples/index.ts","statementMap":{},"fnMap":{},"branchMap":{},"s":{},"f":{},"b":{},"_coverageSchema":"1a1c01bbd47fc00a2c39e90264f33305004495a9","hash":"7852145e6c02f096e0f7dfc05b4485ab1cf49e73"}
,"/Users/diegourrego/Code/Udemy/React/hooks-app/src/08-useReducer/TodoAdd.tsx": {"path":"/Users/diegourrego/Code/Udemy/React/hooks-app/src/08-useReducer/TodoAdd.tsx","statementMap":{"0":{"start":{"line":8,"column":23},"end":{"line":39,"column":1}},"1":{"start":{"line":9,"column":54},"end":{"line":11,"column":4}},"2":{"start":{"line":13,"column":19},"end":{"line":22,"column":3}},"3":{"start":{"line":14,"column":4},"end":{"line":14,"column":27}},"4":{"start":{"line":15,"column":4},"end":{"line":15,"column":40}},"5":{"start":{"line":15,"column":33},"end":{"line":15,"column":40}},"6":{"start":{"line":16,"column":4},"end":{"line":20,"column":7}},"7":{"start":{"line":21,"column":4},"end":{"line":21,"column":18}},"8":{"start":{"line":24,"column":2},"end":{"line":38,"column":4}}},"fnMap":{"0":{"name":"(anonymous_0)","decl":{"start":{"line":8,"column":23},"end":{"line":8,"column":24}},"loc":{"start":{"line":8,"column":49},"end":{"line":39,"column":1}},"line":8},"1":{"name":"(anonymous_1)","decl":{"start":{"line":13,"column":19},"end":{"line":13,"column":20}},"loc":{"start":{"line":13,"column":64},"end":{"line":22,"column":3}},"line":13}},"branchMap":{"0":{"loc":{"start":{"line":15,"column":4},"end":{"line":15,"column":40}},"type":"if","locations":[{"start":{"line":15,"column":4},"end":{"line":15,"column":40}},{"start":{},"end":{}}],"line":15}},"s":{"0":5,"1":1,"2":1,"3":0,"4":0,"5":0,"6":0,"7":0,"8":1},"f":{"0":1,"1":0},"b":{"0":[0,0]},"_coverageSchema":"1a1c01bbd47fc00a2c39e90264f33305004495a9","hash":"67c2a2a595c2b2e0242e06d309dfc52d31db1ed4"}
,"/Users/diegourrego/Code/Udemy/React/hooks-app/src/08-useReducer/TodoApp.tsx": {"path":"/Users/diegourrego/Code/Udemy/React/hooks-app/src/08-useReducer/TodoApp.tsx","statementMap":{"0":{"start":{"line":4,"column":23},"end":{"line":37,"column":1}},"1":{"start":{"line":12,"column":6},"end":{"line":12,"column":16}},"2":{"start":{"line":14,"column":2},"end":{"line":36,"column":4}}},"fnMap":{"0":{"name":"(anonymous_0)","decl":{"start":{"line":4,"column":23},"end":{"line":4,"column":24}},"loc":{"start":{"line":4,"column":29},"end":{"line":37,"column":1}},"line":4}},"branchMap":{},"s":{"0":5,"1":1,"2":1},"f":{"0":1},"b":{},"_coverageSchema":"1a1c01bbd47fc00a2c39e90264f33305004495a9","hash":"eea8f634158f3ae3b80542b357834ca184706344"}
,"/Users/diegourrego/Code/Udemy/React/hooks-app/src/08-useReducer/TodoItem.tsx": {"path":"/Users/diegourrego/Code/Udemy/React/hooks-app/src/08-useReducer/TodoItem.tsx","statementMap":{"0":{"start":{"line":9,"column":24},"end":{"line":35,"column":1}},"1":{"start":{"line":16,"column":28},"end":{"line":18,"column":3}},"2":{"start":{"line":17,"column":4},"end":{"line":17,"column":21}},"3":{"start":{"line":19,"column":2},"end":{"line":34,"column":4}},"4":{"start":{"line":25,"column":23},"end":{"line":25,"column":39}}},"fnMap":{"0":{"name":"(anonymous_0)","decl":{"start":{"line":9,"column":24},"end":{"line":9,"column":25}},"loc":{"start":{"line":15,"column":13},"end":{"line":35,"column":1}},"line":15},"1":{"name":"(anonymous_1)","decl":{"start":{"line":16,"column":28},"end":{"line":16,"column":29}},"loc":{"start":{"line":16,"column":34},"end":{"line":18,"column":3}},"line":16},"2":{"name":"(anonymous_2)","decl":{"start":{"line":25,"column":17},"end":{"line":25,"column":18}},"loc":{"start":{"line":25,"column":23},"end":{"line":25,"column":39}},"line":25}},"branchMap":{"0":{"loc":{"start":{"line":23,"column":10},"end":{"line":23,"column":52}},"type":"cond-expr","locations":[{"start":{"line":23,"column":17},"end":{"line":23,"column":47}},{"start":{"line":23,"column":50},"end":{"line":23,"column":52}}],"line":23}},"s":{"0":5,"1":6,"2":1,"3":6,"4":1},"f":{"0":6,"1":1,"2":1},"b":{"0":[4,2]},"_coverageSchema":"1a1c01bbd47fc00a2c39e90264f33305004495a9","hash":"8ea9635247bdbfeaf86542a15301dc512bd244df"}
,"/Users/diegourrego/Code/Udemy/React/hooks-app/src/08-useReducer/TodoList.tsx": {"path":"/Users/diegourrego/Code/Udemy/React/hooks-app/src/08-useReducer/TodoList.tsx","statementMap":{"0":{"start":{"line":10,"column":24},"end":{"line":23,"column":1}},"1":{"start":{"line":11,"column":2},"end":{"line":22,"column":4}},"2":{"start":{"line":14,"column":8},"end":{"line":19,"column":10}}},"fnMap":{"0":{"name":"(anonymous_0)","decl":{"start":{"line":10,"column":24},"end":{"line":10,"column":25}},"loc":{"start":{"line":10,"column":79},"end":{"line":23,"column":1}},"line":10},"1":{"name":"(anonymous_1)","decl":{"start":{"line":13,"column":17},"end":{"line":13,"column":18}},"loc":{"start":{"line":14,"column":8},"end":{"line":19,"column":10}},"line":14}},"branchMap":{"0":{"loc":{"start":{"line":10,"column":27},"end":{"line":10,"column":37}},"type":"default-arg","locations":[{"start":{"line":10,"column":35},"end":{"line":10,"column":37}}],"line":10}},"s":{"0":5,"1":1,"2":2},"f":{"0":1,"1":2},"b":{"0":[0]},"_coverageSchema":"1a1c01bbd47fc00a2c39e90264f33305004495a9","hash":"66f1d65427a0386376e920e13b4f8c467996e6bd"}
,"/Users/diegourrego/Code/Udemy/React/hooks-app/src/08-useReducer/index.ts": {"path":"/Users/diegourrego/Code/Udemy/React/hooks-app/src/08-useReducer/index.ts","statementMap":{},"fnMap":{},"branchMap":{},"s":{},"f":{},"b":{},"_coverageSchema":"1a1c01bbd47fc00a2c39e90264f33305004495a9","hash":"0b95da951452090214263fefe306e33245f2ac27"}
,"/Users/diegourrego/Code/Udemy/React/hooks-app/src/08-useReducer/interfaces.ts": {"path":"/Users/diegourrego/Code/Udemy/React/hooks-app/src/08-useReducer/interfaces.ts","statementMap":{},"fnMap":{},"branchMap":{},"s":{},"f":{},"b":{},"_coverageSchema":"1a1c01bbd47fc00a2c39e90264f33305004495a9","hash":"4147886d945919854a7eae42ed3c0aeb07528c19"}
,"/Users/diegourrego/Code/Udemy/React/hooks-app/src/08-useReducer/todoReducer.ts": {"path":"/Users/diegourrego/Code/Udemy/React/hooks-app/src/08-useReducer/todoReducer.ts","statementMap":{"0":{"start":{"line":9,"column":27},"end":{"line":28,"column":1}},"1":{"start":{"line":10,"column":2},"end":{"line":27,"column":3}},"2":{"start":{"line":12,"column":6},"end":{"line":12,"column":48}},"3":{"start":{"line":14,"column":6},"end":{"line":14,"column":62}},"4":{"start":{"line":14,"column":34},"end":{"line":14,"column":60}},"5":{"start":{"line":16,"column":6},"end":{"line":24,"column":9}},"6":{"start":{"line":17,"column":8},"end":{"line":22,"column":9}},"7":{"start":{"line":18,"column":10},"end":{"line":21,"column":12}},"8":{"start":{"line":23,"column":8},"end":{"line":23,"column":20}},"9":{"start":{"line":26,"column":6},"end":{"line":26,"column":19}}},"fnMap":{"0":{"name":"(anonymous_0)","decl":{"start":{"line":9,"column":27},"end":{"line":9,"column":28}},"loc":{"start":{"line":9,"column":70},"end":{"line":28,"column":1}},"line":9},"1":{"name":"(anonymous_1)","decl":{"start":{"line":14,"column":26},"end":{"line":14,"column":27}},"loc":{"start":{"line":14,"column":34},"end":{"line":14,"column":60}},"line":14},"2":{"name":"(anonymous_2)","decl":{"start":{"line":16,"column":23},"end":{"line":16,"column":24}},"loc":{"start":{"line":16,"column":31},"end":{"line":24,"column":7}},"line":16}},"branchMap":{"0":{"loc":{"start":{"line":10,"column":2},"end":{"line":27,"column":3}},"type":"switch","locations":[{"start":{"line":11,"column":4},"end":{"line":12,"column":48}},{"start":{"line":13,"column":4},"end":{"line":14,"column":62}},{"start":{"line":15,"column":4},"end":{"line":24,"column":9}},{"start":{"line":25,"column":4},"end":{"line":26,"column":19}}],"line":10},"1":{"loc":{"start":{"line":17,"column":8},"end":{"line":22,"column":9}},"type":"if","locations":[{"start":{"line":17,"column":8},"end":{"line":22,"column":9}},{"start":{},"end":{}}],"line":17}},"s":{"0":5,"1":4,"2":1,"3":1,"4":1,"5":1,"6":1,"7":1,"8":0,"9":1},"f":{"0":4,"1":1,"2":1},"b":{"0":[1,1,1,1],"1":[1,0]},"_coverageSchema":"1a1c01bbd47fc00a2c39e90264f33305004495a9","hash":"bcdd9fecdecf02f15a755ce322588f95f3bbccb0"}
,"/Users/diegourrego/Code/Udemy/React/hooks-app/src/09-useContext/AboutPage.tsx": {"path":"/Users/diegourrego/Code/Udemy/React/hooks-app/src/09-useContext/AboutPage.tsx","statementMap":{"0":{"start":{"line":1,"column":25},"end":{"line":8,"column":1}},"1":{"start":{"line":2,"column":2},"end":{"line":7,"column":4}}},"fnMap":{"0":{"name":"(anonymous_0)","decl":{"start":{"line":1,"column":25},"end":{"line":1,"column":26}},"loc":{"start":{"line":1,"column":31},"end":{"line":8,"column":1}},"line":1}},"branchMap":{},"s":{"0":1,"1":0},"f":{"0":0},"b":{},"_coverageSchema":"1a1c01bbd47fc00a2c39e90264f33305004495a9","hash":"43c75fb00892e7ff92f5d4771db05f7e631f036a"}
,"/Users/diegourrego/Code/Udemy/React/hooks-app/src/09-useContext/HomePage.tsx": {"path":"/Users/diegourrego/Code/Udemy/React/hooks-app/src/09-useContext/HomePage.tsx","statementMap":{"0":{"start":{"line":4,"column":24},"end":{"line":15,"column":1}},"1":{"start":{"line":5,"column":19},"end":{"line":5,"column":42}},"2":{"start":{"line":6,"column":2},"end":{"line":14,"column":4}}},"fnMap":{"0":{"name":"(anonymous_0)","decl":{"start":{"line":4,"column":24},"end":{"line":4,"column":25}},"loc":{"start":{"line":4,"column":30},"end":{"line":15,"column":1}},"line":4}},"branchMap":{},"s":{"0":2,"1":3,"2":3},"f":{"0":3},"b":{},"_coverageSchema":"1a1c01bbd47fc00a2c39e90264f33305004495a9","hash":"dc57c8829a2541882dc6f7dce02e489c47ba3be7"}
,"/Users/diegourrego/Code/Udemy/React/hooks-app/src/09-useContext/LoginPage.tsx": {"path":"/Users/diegourrego/Code/Udemy/React/hooks-app/src/09-useContext/LoginPage.tsx","statementMap":{"0":{"start":{"line":4,"column":25},"end":{"line":22,"column":1}},"1":{"start":{"line":5,"column":28},"end":{"line":5,"column":51}},"2":{"start":{"line":7,"column":2},"end":{"line":21,"column":4}},"3":{"start":{"line":15,"column":10},"end":{"line":15,"column":68}}},"fnMap":{"0":{"name":"(anonymous_0)","decl":{"start":{"line":4,"column":25},"end":{"line":4,"column":26}},"loc":{"start":{"line":4,"column":31},"end":{"line":22,"column":1}},"line":4},"1":{"name":"(anonymous_1)","decl":{"start":{"line":14,"column":17},"end":{"line":14,"column":18}},"loc":{"start":{"line":15,"column":10},"end":{"line":15,"column":68}},"line":15}},"branchMap":{},"s":{"0":2,"1":3,"2":3,"3":1},"f":{"0":3,"1":1},"b":{},"_coverageSchema":"1a1c01bbd47fc00a2c39e90264f33305004495a9","hash":"de8cd324a3091bd02061d22690eca67a31c190fc"}
,"/Users/diegourrego/Code/Udemy/React/hooks-app/src/09-useContext/MainApp.tsx": {"path":"/Users/diegourrego/Code/Udemy/React/hooks-app/src/09-useContext/MainApp.tsx","statementMap":{"0":{"start":{"line":8,"column":23},"end":{"line":22,"column":1}},"1":{"start":{"line":9,"column":2},"end":{"line":21,"column":4}}},"fnMap":{"0":{"name":"(anonymous_0)","decl":{"start":{"line":8,"column":23},"end":{"line":8,"column":24}},"loc":{"start":{"line":8,"column":29},"end":{"line":22,"column":1}},"line":8}},"branchMap":{},"s":{"0":1,"1":2},"f":{"0":2},"b":{},"_coverageSchema":"1a1c01bbd47fc00a2c39e90264f33305004495a9","hash":"a29c722b02b22155e6fd2d51dc8a1f7751bdc07c"}
,"/Users/diegourrego/Code/Udemy/React/hooks-app/src/09-useContext/Navbar.tsx": {"path":"/Users/diegourrego/Code/Udemy/React/hooks-app/src/09-useContext/Navbar.tsx","statementMap":{"0":{"start":{"line":3,"column":22},"end":{"line":41,"column":1}},"1":{"start":{"line":4,"column":2},"end":{"line":40,"column":4}},"2":{"start":{"line":14,"column":16},"end":{"line":14,"column":54}},"3":{"start":{"line":22,"column":16},"end":{"line":22,"column":54}},"4":{"start":{"line":30,"column":16},"end":{"line":30,"column":54}}},"fnMap":{"0":{"name":"(anonymous_0)","decl":{"start":{"line":3,"column":22},"end":{"line":3,"column":23}},"loc":{"start":{"line":3,"column":28},"end":{"line":41,"column":1}},"line":3},"1":{"name":"(anonymous_1)","decl":{"start":{"line":13,"column":25},"end":{"line":13,"column":26}},"loc":{"start":{"line":14,"column":16},"end":{"line":14,"column":54}},"line":14},"2":{"name":"(anonymous_2)","decl":{"start":{"line":21,"column":25},"end":{"line":21,"column":26}},"loc":{"start":{"line":22,"column":16},"end":{"line":22,"column":54}},"line":22},"3":{"name":"(anonymous_3)","decl":{"start":{"line":29,"column":25},"end":{"line":29,"column":26}},"loc":{"start":{"line":30,"column":16},"end":{"line":30,"column":54}},"line":30}},"branchMap":{"0":{"loc":{"start":{"line":14,"column":28},"end":{"line":14,"column":52}},"type":"cond-expr","locations":[{"start":{"line":14,"column":39},"end":{"line":14,"column":47}},{"start":{"line":14,"column":50},"end":{"line":14,"column":52}}],"line":14},"1":{"loc":{"start":{"line":22,"column":28},"end":{"line":22,"column":52}},"type":"cond-expr","locations":[{"start":{"line":22,"column":39},"end":{"line":22,"column":47}},{"start":{"line":22,"column":50},"end":{"line":22,"column":52}}],"line":22},"2":{"loc":{"start":{"line":30,"column":28},"end":{"line":30,"column":52}},"type":"cond-expr","locations":[{"start":{"line":30,"column":39},"end":{"line":30,"column":47}},{"start":{"line":30,"column":50},"end":{"line":30,"column":52}}],"line":30}},"s":{"0":1,"1":2,"2":2,"3":2,"4":2},"f":{"0":2,"1":2,"2":2,"3":2},"b":{"0":[1,1],"1":[0,2],"2":[1,1]},"_coverageSchema":"1a1c01bbd47fc00a2c39e90264f33305004495a9","hash":"6c4bf749f8d75839a016de1f232149b3c17aefc6"}
,"/Users/diegourrego/Code/Udemy/React/hooks-app/src/09-useContext/context/UserContext.tsx": {"path":"/Users/diegourrego/Code/Udemy/React/hooks-app/src/09-useContext/context/UserContext.tsx","statementMap":{"0":{"start":{"line":4,"column":27},"end":{"line":4,"column":64}}},"fnMap":{},"branchMap":{},"s":{"0":3},"f":{},"b":{},"_coverageSchema":"1a1c01bbd47fc00a2c39e90264f33305004495a9","hash":"36b2105a9935c228cb3127385488583c478c3d38"}
,"/Users/diegourrego/Code/Udemy/React/hooks-app/src/09-useContext/context/UserProvider.tsx": {"path":"/Users/diegourrego/Code/Udemy/React/hooks-app/src/09-useContext/context/UserProvider.tsx","statementMap":{"0":{"start":{"line":9,"column":28},"end":{"line":15,"column":1}},"1":{"start":{"line":10,"column":26},"end":{"line":10,"column":52}},"2":{"start":{"line":12,"column":16},"end":{"line":12,"column":67}},"3":{"start":{"line":12,"column":31},"end":{"line":12,"column":48}},"4":{"start":{"line":14,"column":2},"end":{"line":14,"column":79}}},"fnMap":{"0":{"name":"(anonymous_0)","decl":{"start":{"line":9,"column":28},"end":{"line":9,"column":29}},"loc":{"start":{"line":9,"column":53},"end":{"line":15,"column":1}},"line":9},"1":{"name":"(anonymous_1)","decl":{"start":{"line":12,"column":24},"end":{"line":12,"column":25}},"loc":{"start":{"line":12,"column":31},"end":{"line":12,"column":48}},"line":12}},"branchMap":{},"s":{"0":1,"1":2,"2":2,"3":2,"4":2},"f":{"0":2,"1":2},"b":{},"_coverageSchema":"1a1c01bbd47fc00a2c39e90264f33305004495a9","hash":"c17834fd68661d401501db455c86d6028ff7c4e2"}
,"/Users/diegourrego/Code/Udemy/React/hooks-app/src/hooks/index.ts": {"path":"/Users/diegourrego/Code/Udemy/React/hooks-app/src/hooks/index.ts","statementMap":{},"fnMap":{},"branchMap":{},"s":{},"f":{},"b":{},"_coverageSchema":"1a1c01bbd47fc00a2c39e90264f33305004495a9","hash":"0679861418b132b51d2262d8aa9c588f74656640"}
,"/Users/diegourrego/Code/Udemy/React/hooks-app/src/hooks/useCounter.ts": {"path":"/Users/diegourrego/Code/Udemy/React/hooks-app/src/hooks/useCounter.ts","statementMap":{"0":{"start":{"line":3,"column":26},"end":{"line":25,"column":1}},"1":{"start":{"line":4,"column":32},"end":{"line":4,"column":54}},"2":{"start":{"line":6,"column":20},"end":{"line":8,"column":3}},"3":{"start":{"line":7,"column":4},"end":{"line":7,"column":45}},"4":{"start":{"line":7,"column":28},"end":{"line":7,"column":43}},"5":{"start":{"line":10,"column":20},"end":{"line":13,"column":3}},"6":{"start":{"line":11,"column":4},"end":{"line":11,"column":32}},"7":{"start":{"line":11,"column":25},"end":{"line":11,"column":32}},"8":{"start":{"line":12,"column":4},"end":{"line":12,"column":45}},"9":{"start":{"line":12,"column":28},"end":{"line":12,"column":43}},"10":{"start":{"line":15,"column":16},"end":{"line":17,"column":3}},"11":{"start":{"line":16,"column":4},"end":{"line":16,"column":29}},"12":{"start":{"line":19,"column":2},"end":{"line":24,"column":4}}},"fnMap":{"0":{"name":"(anonymous_0)","decl":{"start":{"line":3,"column":26},"end":{"line":3,"column":27}},"loc":{"start":{"line":3,"column":49},"end":{"line":25,"column":1}},"line":3},"1":{"name":"(anonymous_1)","decl":{"start":{"line":6,"column":20},"end":{"line":6,"column":21}},"loc":{"start":{"line":6,"column":35},"end":{"line":8,"column":3}},"line":6},"2":{"name":"(anonymous_2)","decl":{"start":{"line":7,"column":15},"end":{"line":7,"column":16}},"loc":{"start":{"line":7,"column":28},"end":{"line":7,"column":43}},"line":7},"3":{"name":"(anonymous_3)","decl":{"start":{"line":10,"column":20},"end":{"line":10,"column":21}},"loc":{"start":{"line":10,"column":35},"end":{"line":13,"column":3}},"line":10},"4":{"name":"(anonymous_4)","decl":{"start":{"line":12,"column":15},"end":{"line":12,"column":16}},"loc":{"start":{"line":12,"column":28},"end":{"line":12,"column":43}},"line":12},"5":{"name":"(anonymous_5)","decl":{"start":{"line":15,"column":16},"end":{"line":15,"column":17}},"loc":{"start":{"line":15,"column":22},"end":{"line":17,"column":3}},"line":15}},"branchMap":{"0":{"loc":{"start":{"line":3,"column":27},"end":{"line":3,"column":44}},"type":"default-arg","locations":[{"start":{"line":3,"column":42},"end":{"line":3,"column":44}}],"line":3},"1":{"loc":{"start":{"line":6,"column":21},"end":{"line":6,"column":30}},"type":"default-arg","locations":[{"start":{"line":6,"column":29},"end":{"line":6,"column":30}}],"line":6},"2":{"loc":{"start":{"line":10,"column":21},"end":{"line":10,"column":30}},"type":"default-arg","locations":[{"start":{"line":10,"column":29},"end":{"line":10,"column":30}}],"line":10},"3":{"loc":{"start":{"line":11,"column":4},"end":{"line":11,"column":32}},"type":"if","locations":[{"start":{"line":11,"column":4},"end":{"line":11,"column":32}},{"start":{},"end":{}}],"line":11}},"s":{"0":6,"1":12,"2":12,"3":2,"4":2,"5":12,"6":5,"7":0,"8":5,"9":5,"10":12,"11":1,"12":12},"f":{"0":12,"1":2,"2":2,"3":5,"4":5,"5":1},"b":{"0":[11],"1":[1],"2":[2],"3":[0,5]},"_coverageSchema":"1a1c01bbd47fc00a2c39e90264f33305004495a9","hash":"b1e1ff0d915d01b034b8267775a28cd223251c3f"}
,"/Users/diegourrego/Code/Udemy/React/hooks-app/src/hooks/useFetch.ts": {"path":"/Users/diegourrego/Code/Udemy/React/hooks-app/src/hooks/useFetch.ts","statementMap":{"0":{"start":{"line":30,"column":24},"end":{"line":64,"column":1}},"1":{"start":{"line":31,"column":28},"end":{"line":35,"column":4}},"2":{"start":{"line":37,"column":19},"end":{"line":53,"column":3}},"3":{"start":{"line":38,"column":4},"end":{"line":38,"column":44}},"4":{"start":{"line":39,"column":4},"end":{"line":52,"column":5}},"5":{"start":{"line":40,"column":19},"end":{"line":40,"column":35}},"6":{"start":{"line":41,"column":19},"end":{"line":41,"column":36}},"7":{"start":{"line":42,"column":6},"end":{"line":46,"column":9}},"8":{"start":{"line":48,"column":6},"end":{"line":51,"column":8}},"9":{"start":{"line":55,"column":2},"end":{"line":57,"column":12}},"10":{"start":{"line":56,"column":4},"end":{"line":56,"column":15}},"11":{"start":{"line":59,"column":2},"end":{"line":63,"column":4}}},"fnMap":{"0":{"name":"(anonymous_0)","decl":{"start":{"line":30,"column":24},"end":{"line":30,"column":25}},"loc":{"start":{"line":30,"column":41},"end":{"line":64,"column":1}},"line":30},"1":{"name":"(anonymous_1)","decl":{"start":{"line":37,"column":19},"end":{"line":37,"column":20}},"loc":{"start":{"line":37,"column":31},"end":{"line":53,"column":3}},"line":37},"2":{"name":"(anonymous_2)","decl":{"start":{"line":55,"column":12},"end":{"line":55,"column":13}},"loc":{"start":{"line":55,"column":18},"end":{"line":57,"column":3}},"line":55}},"branchMap":{},"s":{"0":5,"1":0,"2":0,"3":0,"4":0,"5":0,"6":0,"7":0,"8":0,"9":0,"10":0,"11":0},"f":{"0":0,"1":0,"2":0},"b":{},"_coverageSchema":"1a1c01bbd47fc00a2c39e90264f33305004495a9","hash":"a1d86258e84cec435f3071ee32dd40a6fd487d4d"}
,"/Users/diegourrego/Code/Udemy/React/hooks-app/src/hooks/useForm.ts": {"path":"/Users/diegourrego/Code/Udemy/React/hooks-app/src/hooks/useForm.ts","statementMap":{"0":{"start":{"line":7,"column":23},"end":{"line":28,"column":1}},"1":{"start":{"line":8,"column":36},"end":{"line":8,"column":72}},"2":{"start":{"line":10,"column":24},"end":{"line":16,"column":3}},"3":{"start":{"line":11,"column":28},"end":{"line":11,"column":40}},"4":{"start":{"line":12,"column":4},"end":{"line":15,"column":7}},"5":{"start":{"line":18,"column":22},"end":{"line":20,"column":3}},"6":{"start":{"line":19,"column":4},"end":{"line":19,"column":30}},"7":{"start":{"line":22,"column":2},"end":{"line":27,"column":4}}},"fnMap":{"0":{"name":"(anonymous_0)","decl":{"start":{"line":7,"column":23},"end":{"line":7,"column":24}},"loc":{"start":{"line":7,"column":58},"end":{"line":28,"column":1}},"line":7},"1":{"name":"(anonymous_1)","decl":{"start":{"line":10,"column":24},"end":{"line":10,"column":25}},"loc":{"start":{"line":10,"column":66},"end":{"line":16,"column":3}},"line":10},"2":{"name":"(anonymous_2)","decl":{"start":{"line":18,"column":22},"end":{"line":18,"column":23}},"loc":{"start":{"line":18,"column":28},"end":{"line":20,"column":3}},"line":18}},"branchMap":{},"s":{"0":6,"1":7,"2":7,"3":2,"4":2,"5":7,"6":1,"7":7},"f":{"0":7,"1":2,"2":1},"b":{},"_coverageSchema":"1a1c01bbd47fc00a2c39e90264f33305004495a9","hash":"99bdab0527883b9966f7f96d003ba9111e806bfe"}
,"/Users/diegourrego/Code/Udemy/React/hooks-app/src/hooks/useTodos.ts": {"path":"/Users/diegourrego/Code/Udemy/React/hooks-app/src/hooks/useTodos.ts","statementMap":{"0":{"start":{"line":4,"column":29},"end":{"line":4,"column":31}},"1":{"start":{"line":6,"column":13},"end":{"line":8,"column":1}},"2":{"start":{"line":7,"column":2},"end":{"line":7,"column":59}},"3":{"start":{"line":10,"column":24},"end":{"line":44,"column":1}},"4":{"start":{"line":11,"column":28},"end":{"line":11,"column":71}},"5":{"start":{"line":13,"column":24},"end":{"line":19,"column":3}},"6":{"start":{"line":14,"column":27},"end":{"line":17,"column":5}},"7":{"start":{"line":18,"column":4},"end":{"line":18,"column":21}},"8":{"start":{"line":21,"column":27},"end":{"line":23,"column":3}},"9":{"start":{"line":22,"column":4},"end":{"line":22,"column":59}},"10":{"start":{"line":25,"column":27},"end":{"line":30,"column":3}},"11":{"start":{"line":26,"column":4},"end":{"line":29,"column":7}},"12":{"start":{"line":32,"column":2},"end":{"line":34,"column":14}},"13":{"start":{"line":33,"column":4},"end":{"line":33,"column":57}},"14":{"start":{"line":36,"column":2},"end":{"line":43,"column":4}},"15":{"start":{"line":39,"column":44},"end":{"line":39,"column":54}}},"fnMap":{"0":{"name":"(anonymous_0)","decl":{"start":{"line":6,"column":13},"end":{"line":6,"column":14}},"loc":{"start":{"line":6,"column":19},"end":{"line":8,"column":1}},"line":6},"1":{"name":"(anonymous_1)","decl":{"start":{"line":10,"column":24},"end":{"line":10,"column":25}},"loc":{"start":{"line":10,"column":30},"end":{"line":44,"column":1}},"line":10},"2":{"name":"(anonymous_2)","decl":{"start":{"line":13,"column":24},"end":{"line":13,"column":25}},"loc":{"start":{"line":13,"column":40},"end":{"line":19,"column":3}},"line":13},"3":{"name":"(anonymous_3)","decl":{"start":{"line":21,"column":27},"end":{"line":21,"column":28}},"loc":{"start":{"line":21,"column":43},"end":{"line":23,"column":3}},"line":21},"4":{"name":"(anonymous_4)","decl":{"start":{"line":25,"column":27},"end":{"line":25,"column":28}},"loc":{"start":{"line":25,"column":43},"end":{"line":30,"column":3}},"line":25},"5":{"name":"(anonymous_5)","decl":{"start":{"line":32,"column":12},"end":{"line":32,"column":13}},"loc":{"start":{"line":32,"column":18},"end":{"line":34,"column":3}},"line":32},"6":{"name":"(anonymous_6)","decl":{"start":{"line":39,"column":36},"end":{"line":39,"column":37}},"loc":{"start":{"line":39,"column":44},"end":{"line":39,"column":54}},"line":39}},"branchMap":{"0":{"loc":{"start":{"line":7,"column":20},"end":{"line":7,"column":57}},"type":"binary-expr","locations":[{"start":{"line":7,"column":20},"end":{"line":7,"column":49}},{"start":{"line":7,"column":53},"end":{"line":7,"column":57}}],"line":7}},"s":{"0":4,"1":4,"2":0,"3":4,"4":0,"5":0,"6":0,"7":0,"8":0,"9":0,"10":0,"11":0,"12":0,"13":0,"14":0,"15":0},"f":{"0":0,"1":0,"2":0,"3":0,"4":0,"5":0,"6":0},"b":{"0":[0,0]},"_coverageSchema":"1a1c01bbd47fc00a2c39e90264f33305004495a9","hash":"6f69f6a4196eef298c2491b36582b7524ec114f7"}
}
